<?xml version='1.0'?>
<ns2:test-suite xmlns:ns2='urn:model.allure.qatools.yandex.ru' start='1655223545336' stop='1655223551479'>
    <name>Enterprice application</name>
    <title>Enterprice application</title>
    <test-cases>
        <test-case start='1655223545337' status='failed' stop='1655223550221'>
            <name>Menu page list items</name>
            <title>Menu page list items</title>
            <labels>
                <label name='language' value='javascript'/>
                <label name='framework' value='wdio'/>
                <label name='thread' value='0-1'/>
                <label name='language' value='javascript'/>
                <label name='framework' value='wdio'/>
                <label name='thread' value='0-1'/>
            </labels>
            <parameters>
                <parameter kind='argument' name='browser' value='Chrome Headless-102.0.5005.115'/>
                <parameter kind='argument' name='browser' value='Chrome Headless-102.0.5005.115'/>
            </parameters>
            <steps/>
            <attachments>
                <attachment title='Screenshot' source='a3c4a891-b506-46dd-8907-81c52e64baf7-attachment.png' type='image/png' size='701053'/>
            </attachments>
            <failure>
                <message>Buy button not displayed      
                      actual expected
                      
                      falsetrue
                      </message>
                <stack-trace>AssertionError [ERR_ASSERTION]: Buy button not displayed
                    at Context.&lt;anonymous> (D:\WebDriverIO\volvo_webdriverio\test\specs\menuPageTest.js:26:14)
                    at processTicksAndRejections (node:internal/process/task_queues:96:5)</stack-trace>
            </failure>
        </test-case>
        <test-case start='1655223550221' status='broken' stop='1655223551477'>
            <name>Buy page list items</name>
            <title>Buy page list items</title>
            <labels>
                <label name='language' value='javascript'/>
                <label name='framework' value='wdio'/>
                <label name='thread' value='0-1'/>
                <label name='language' value='javascript'/>
                <label name='framework' value='wdio'/>
                <label name='thread' value='0-1'/>
            </labels>
            <parameters>
                <parameter kind='argument' name='browser' value='Chrome Headless-102.0.5005.115'/>
                <parameter kind='argument' name='browser' value='Chrome Headless-102.0.5005.115'/>
            </parameters>
            <steps/>
            <attachments>
                <attachment title='Screenshot' source='60376a26-df3e-4708-a2ed-bec2b4f1d186-attachment.png' type='image/png' size='698242'/>
            </attachments>
            <failure>
                <message>Protocol error (Runtime.getProperties): Cannot find context with specified id</message>
                <stack-trace>Protocol error (Runtime.getProperties): Cannot find context with specified id
                ProtocolError: Protocol error (Runtime.getProperties): Cannot find context with specified id
                    at D:\WebDriverIO\volvo_webdriverio\node_modules\puppeteer-core\lib\cjs\puppeteer\common\Connection.js:230:24
                    at new Promise (&lt;anonymous>)
                    at CDPSession.send (D:\WebDriverIO\volvo_webdriverio\node_modules\puppeteer-core\lib\cjs\puppeteer\common\Connection.js:226:16)
                    at JSHandle.getProperties (D:\WebDriverIO\volvo_webdriverio\node_modules\puppeteer-core\lib\cjs\puppeteer\common\JSHandle.js:159:45)
                    at ElementHandle.$x (D:\WebDriverIO\volvo_webdriverio\node_modules\puppeteer-core\lib\cjs\puppeteer\common\JSHandle.js:870:46)
                    at processTicksAndRejections (node:internal/process/task_queues:96:5)
                    at async DOMWorld.$x (D:\WebDriverIO\volvo_webdriverio\node_modules\puppeteer-core\lib\cjs\puppeteer\common\DOMWorld.js:115:23)
                    at async DevToolsDriver.findElement (D:\WebDriverIO\volvo_webdriverio\node_modules\devtools\build\utils.js:88:16)
                    at async Browser.wrappedCommand (D:\WebDriverIO\volvo_webdriverio\node_modules\devtools\build\devtoolsdriver.js:102:26)
                    at async Browser.wrapCommandFn (D:\WebDriverIO\volvo_webdriverio\node_modules\@wdio\utils\build\shim.js:137:29)</stack-trace>
            </failure>
        </test-case>
    </test-cases>
</ns2:test-suite>